<component name="ProjectRunConfigurationManager">
  <configuration default="false" name="Junit 4" type="JUnit" factoryName="JUnit">
    <module name="BPO-PJ2" />
    <option name="MAIN_CLASS_NAME" value="" />
    <option name="METHOD_NAME" value="" />
    <option name="TEST_OBJECT" value="directory" />
    <dir value="$PROJECT_DIR$/Test" />
    <method v="2">
      <option name="Make" enabled="true" />
    </method>
  </configuration>
</component>